  CatFightersServer.cpp
c:\program files (x86)\microsoft visual studio\2017\enterprise\vc\tools\msvc\14.13.26128\include\list(1548): error C2678: binary '==': no operator found which takes a left-hand operand of type 'sf::TcpSocket' (or there is no acceptable conversion)
  c:\program files (x86)\microsoft visual studio\2017\enterprise\vc\tools\msvc\14.13.26128\include\system_error(370): note: could be 'bool std::operator ==(const std::error_condition &,const std::error_condition &) noexcept'
  c:\program files (x86)\microsoft visual studio\2017\enterprise\vc\tools\msvc\14.13.26128\include\system_error(364): note: or       'bool std::operator ==(const std::error_condition &,const std::error_code &) noexcept'
  c:\program files (x86)\microsoft visual studio\2017\enterprise\vc\tools\msvc\14.13.26128\include\system_error(358): note: or       'bool std::operator ==(const std::error_code &,const std::error_condition &) noexcept'
  c:\program files (x86)\microsoft visual studio\2017\enterprise\vc\tools\msvc\14.13.26128\include\system_error(352): note: or       'bool std::operator ==(const std::error_code &,const std::error_code &) noexcept'
  c:\program files (x86)\microsoft visual studio\2017\enterprise\vc\tools\msvc\14.13.26128\include\exception(329): note: or       'bool std::operator ==(const std::exception_ptr &,std::nullptr_t) noexcept'
  c:\program files (x86)\microsoft visual studio\2017\enterprise\vc\tools\msvc\14.13.26128\include\exception(324): note: or       'bool std::operator ==(std::nullptr_t,const std::exception_ptr &) noexcept'
  c:\program files (x86)\microsoft visual studio\2017\enterprise\vc\tools\msvc\14.13.26128\include\exception(319): note: or       'bool std::operator ==(const std::exception_ptr &,const std::exception_ptr &) noexcept'
  c:\networking_cw\networkingcw\catfightersserver\sfml\include\sfml\system\time.hpp(161): note: or       'bool sf::operator ==(sf::Time,sf::Time)' [found using argument-dependent lookup]
  c:\networking_cw\networkingcw\catfightersserver\sfml\include\sfml\system\string.hpp(521): note: or       'bool sf::operator ==(const sf::String &,const sf::String &)' [found using argument-dependent lookup]
  c:\networking_cw\networkingcw\catfightersserver\sfml\include\sfml\network\ipaddress.hpp(217): note: or       'bool sf::operator ==(const sf::IpAddress &,const sf::IpAddress &)' [found using argument-dependent lookup]
  c:\program files (x86)\microsoft visual studio\2017\enterprise\vc\tools\msvc\14.13.26128\include\list(1548): note: while trying to match the argument list '(sf::TcpSocket, const sf::TcpSocket)'
  c:\program files (x86)\microsoft visual studio\2017\enterprise\vc\tools\msvc\14.13.26128\include\list(1544): note: while compiling class template member function 'void std::list<sf::TcpSocket,std::allocator<_Ty>>::remove(const _Ty &)'
          with
          [
              _Ty=sf::TcpSocket
          ]
  c:\networking_cw\networkingcw\catfightersserver\catfightersserver.cpp(76): note: see reference to function template instantiation 'void std::list<sf::TcpSocket,std::allocator<_Ty>>::remove(const _Ty &)' being compiled
          with
          [
              _Ty=sf::TcpSocket
          ]
  c:\networking_cw\networkingcw\catfightersserver\catfightersserver.cpp(36): note: see reference to class template instantiation 'std::list<sf::TcpSocket,std::allocator<_Ty>>' being compiled
          with
          [
              _Ty=sf::TcpSocket
          ]
